Watching for file changes with StatReloader
[22/Jun/2025 06:02:31] "HEAD / HTTP/1.1" 200 0
/home/atonu/vite_fix/vite_fix_cda/toll_report/venv/lib64/python3.9/site-packages/django/db/models/fields/__init__.py:1595: RuntimeWarning: DateTimeField Transaction.capturedate received a naive datetime (2025-06-21 00:00:00) while time zone support is active.
  warnings.warn(
/home/atonu/vite_fix/vite_fix_cda/toll_report/venv/lib64/python3.9/site-packages/django/db/models/fields/__init__.py:1595: RuntimeWarning: DateTimeField Transaction.capturedate received a naive datetime (2025-06-22 23:59:00) while time zone support is active.
  warnings.warn(
Internal Server Error: /exempt/
Traceback (most recent call last):
  File "/home/atonu/vite_fix/vite_fix_cda/toll_report/venv/lib64/python3.9/site-packages/django/core/handlers/exception.py", line 55, in inner
    response = get_response(request)
  File "/home/atonu/vite_fix/vite_fix_cda/toll_report/venv/lib64/python3.9/site-packages/django/core/handlers/base.py", line 197, in _get_response
    response = wrapped_callback(request, *callback_args, **callback_kwargs)
  File "/home/atonu/vite_fix/vite_fix_cda/toll_report/transactions/views.py", line 458, in exempt_report
    return render(request, 'transactions/exempt_report.html', context)
  File "/home/atonu/vite_fix/vite_fix_cda/toll_report/venv/lib64/python3.9/site-packages/django/shortcuts.py", line 24, in render
    content = loader.render_to_string(template_name, context, request, using=using)
  File "/home/atonu/vite_fix/vite_fix_cda/toll_report/venv/lib64/python3.9/site-packages/django/template/loader.py", line 61, in render_to_string
    template = get_template(template_name, using=using)
  File "/home/atonu/vite_fix/vite_fix_cda/toll_report/venv/lib64/python3.9/site-packages/django/template/loader.py", line 15, in get_template
    return engine.get_template(template_name)
  File "/home/atonu/vite_fix/vite_fix_cda/toll_report/venv/lib64/python3.9/site-packages/django/template/backends/django.py", line 33, in get_template
    return Template(self.engine.get_template(template_name), self)
  File "/home/atonu/vite_fix/vite_fix_cda/toll_report/venv/lib64/python3.9/site-packages/django/template/engine.py", line 175, in get_template
    template, origin = self.find_template(template_name)
  File "/home/atonu/vite_fix/vite_fix_cda/toll_report/venv/lib64/python3.9/site-packages/django/template/engine.py", line 157, in find_template
    template = loader.get_template(name, skip=skip)
  File "/home/atonu/vite_fix/vite_fix_cda/toll_report/venv/lib64/python3.9/site-packages/django/template/loaders/cached.py", line 57, in get_template
    template = super().get_template(template_name, skip)
  File "/home/atonu/vite_fix/vite_fix_cda/toll_report/venv/lib64/python3.9/site-packages/django/template/loaders/base.py", line 28, in get_template
    return Template(
  File "/home/atonu/vite_fix/vite_fix_cda/toll_report/venv/lib64/python3.9/site-packages/django/template/base.py", line 154, in __init__
    self.nodelist = self.compile_nodelist()
  File "/home/atonu/vite_fix/vite_fix_cda/toll_report/venv/lib64/python3.9/site-packages/django/template/base.py", line 200, in compile_nodelist
    return parser.parse()
  File "/home/atonu/vite_fix/vite_fix_cda/toll_report/venv/lib64/python3.9/site-packages/django/template/base.py", line 513, in parse
    raise self.error(token, e)
  File "/home/atonu/vite_fix/vite_fix_cda/toll_report/venv/lib64/python3.9/site-packages/django/template/base.py", line 511, in parse
    compiled_result = compile_func(self, token)
  File "/home/atonu/vite_fix/vite_fix_cda/toll_report/venv/lib64/python3.9/site-packages/django/template/loader_tags.py", line 293, in do_extends
    nodelist = parser.parse()
  File "/home/atonu/vite_fix/vite_fix_cda/toll_report/venv/lib64/python3.9/site-packages/django/template/base.py", line 513, in parse
    raise self.error(token, e)
  File "/home/atonu/vite_fix/vite_fix_cda/toll_report/venv/lib64/python3.9/site-packages/django/template/base.py", line 511, in parse
    compiled_result = compile_func(self, token)
  File "/home/atonu/vite_fix/vite_fix_cda/toll_report/venv/lib64/python3.9/site-packages/django/template/loader_tags.py", line 232, in do_block
    nodelist = parser.parse(("endblock",))
  File "/home/atonu/vite_fix/vite_fix_cda/toll_report/venv/lib64/python3.9/site-packages/django/template/base.py", line 513, in parse
    raise self.error(token, e)
  File "/home/atonu/vite_fix/vite_fix_cda/toll_report/venv/lib64/python3.9/site-packages/django/template/base.py", line 511, in parse
    compiled_result = compile_func(self, token)
  File "/home/atonu/vite_fix/vite_fix_cda/toll_report/venv/lib64/python3.9/site-packages/django/template/defaulttags.py", line 953, in do_if
    nodelist = parser.parse(("elif", "else", "endif"))
  File "/home/atonu/vite_fix/vite_fix_cda/toll_report/venv/lib64/python3.9/site-packages/django/template/base.py", line 513, in parse
    raise self.error(token, e)
  File "/home/atonu/vite_fix/vite_fix_cda/toll_report/venv/lib64/python3.9/site-packages/django/template/base.py", line 511, in parse
    compiled_result = compile_func(self, token)
  File "/home/atonu/vite_fix/vite_fix_cda/toll_report/venv/lib64/python3.9/site-packages/django/template/defaulttags.py", line 853, in do_for
    nodelist_loop = parser.parse(
  File "/home/atonu/vite_fix/vite_fix_cda/toll_report/venv/lib64/python3.9/site-packages/django/template/base.py", line 484, in parse
    raise self.error(token, e)
  File "/home/atonu/vite_fix/vite_fix_cda/toll_report/venv/lib64/python3.9/site-packages/django/template/base.py", line 482, in parse
    filter_expression = self.compile_filter(token.contents)
  File "/home/atonu/vite_fix/vite_fix_cda/toll_report/venv/lib64/python3.9/site-packages/django/template/base.py", line 600, in compile_filter
    return FilterExpression(token, self)
  File "/home/atonu/vite_fix/vite_fix_cda/toll_report/venv/lib64/python3.9/site-packages/django/template/base.py", line 699, in __init__
    self.args_check(filter_name, filter_func, args)
  File "/home/atonu/vite_fix/vite_fix_cda/toll_report/venv/lib64/python3.9/site-packages/django/template/base.py", line 761, in args_check
    raise TemplateSyntaxError(
django.template.exceptions.TemplateSyntaxError: get_exempt_by_class_count requires 4 arguments, 2 provided
[22/Jun/2025 06:02:46] "POST /exempt/ HTTP/1.1" 500 268260
